[11:13:02]  You just started to download file_B.txt. Let's search it in torrent!
[11:20:25]  You just started to download file_C.txt. Let's search it in torrent!
[11:20:25]  You just started to download file_B.txt. Let's search it in torrent!
[16:49:31]  You don't have nghia3
[16:49:45]  You just started to download file_B.txt. Let's search it in torrent!
[16:49:45]  You just started to download file_C.txt. Let's search it in torrent!
[16:54:02]  You just started to download file_C.txt. Let's search it in torrent!
[16:54:02]  You just started to download file_B.txt. Let's search it in torrent!
[16:57:21]  You just started to download file_B.txt. Let's search it in torrent!
[16:57:21]  You just started to download file_C.txt. Let's search it in torrent!
[17:03:17]  You just started to download file_B.txt. Let's search it in torrent!
[17:03:17]  You just started to download file_C.txt. Let's search it in torrent!
[17:04:33]  You just started to download file_B.txt. Let's search it in torrent!
[17:04:33]  You just started to download file_C.txt. Let's search it in torrent!
[17:04:33]  Sorry, no one has file_B.txt!
[17:04:33]  Sorry, no one has file_C.txt!
[17:04:54]  You just started to download file_B.txt. Let's search it in torrent!
[17:04:54]  You just started to download file_C.txt. Let's search it in torrent!
[17:04:54]  Sorry, no one has file_B.txt!
[17:04:54]  Sorry, no one has file_C.txt!
[17:05:32]  You just started to download file_C.txt. Let's search it in torrent!
[17:05:32]  You just started to download file_B.txt. Let's search it in torrent!
[17:05:32]  Sorry, no one has file_C.txt!
[17:05:32]  Sorry, no one has file_B.txt!
[17:06:28]  You just started to download file_B.txt. Let's search it in torrent!
[17:06:28]  You just started to download file_C.txt. Let's search it in torrent!
[17:07:04]  You just started to download file_C.txt. Let's search it in torrent!
[17:07:04]  You just started to download file_B.txt. Let's search it in torrent!
[17:08:01]  You just started to download file_B.txt. Let's search it in torrent!
[17:08:01]  You just started to download file_C.txt. Let's search it in torrent!
[17:08:53]  You just started to download file_C.txt. Let's search it in torrent!
[17:08:53]  You just started to download file_B.txt. Let's search it in torrent!
[17:10:48]  You just started to download file_B.txt. Let's search it in torrent!
[17:10:48]  You just started to download file_C.txt. Let's search it in torrent!
[17:12:45]  You just started to download file_C.txt. Let's search it in torrent!
[17:12:45]  You just started to download file_B.txt. Let's search it in torrent!
[17:17:26]  You just started to download file_C.txt. Let's search it in torrent!
[17:17:26]  You just started to download file_B.txt. Let's search it in torrent!
[17:32:47]  You just started to download file_B.txt. Let's search it in torrent!
[17:32:47]  You just started to download file_C.txt. Let's search it in torrent!
[17:34:56]  You just started to download file_B.txt. Let's search it in torrent!
[17:34:56]  You just started to download file_C.txt. Let's search it in torrent!
[17:37:24]  You just started to download file_B.txt. Let's search it in torrent!
[17:37:24]  You just started to download file_C.txt. Let's search it in torrent!
[17:37:24]  You are going to download file_C.txt from Node(s) ['2', '1']
[17:37:24]  You are going to download file_B.txt from Node(s) ['2', '1']
[17:37:24]  The file file_C.txt which you are about to download, has size of 38157 bytes
[17:37:24]  The file file_B.txt which you are about to download, has size of 197367 bytes
[17:37:24]  I sent a request for a chunk of file_C.txt for node2
[17:37:24]  I sent a request for a chunk of file_B.txt for node2
[17:37:24]  I sent a request for a chunk of file_B.txt for node1
[17:37:24]  I sent a request for a chunk of file_C.txt for node2
[17:37:24]  I sent a request for a chunk of file_B.txt for node2
[17:37:24]  I sent a request for a chunk of file_B.txt for node1
[17:37:24]  I sent a request for a chunk of file_C.txt for node2
[17:37:24]  I sent a request for a chunk of file_B.txt for node1
[17:37:24]  file_C.txt has successfully downloaded and saved in my files directory.
[17:37:24]  I sent a request for a chunk of file_B.txt for node2
[17:37:24]  I sent a request for a chunk of file_B.txt for node1
[17:37:24]  I sent a request for a chunk of file_B.txt for node2
[17:37:24]  I sent a request for a chunk of file_B.txt for node2
[17:37:24]  I sent a request for a chunk of file_B.txt for node2
[17:37:24]  I sent a request for a chunk of file_B.txt for node2
[17:37:24]  I sent a request for a chunk of file_B.txt for node1
[17:37:24]  I sent a request for a chunk of file_B.txt for node2
[17:37:24]  file_B.txt has successfully downloaded and saved in my files directory.
[17:52:23]  You just started to download file_B.txt. Let's search it in torrent!
[17:52:23]  You just started to download file_C.txt. Let's search it in torrent!
[17:52:23]  You are going to download file_B.txt from Node(s) ['1']
[17:52:23]  The file file_B.txt which you are about to download, has size of 197367 bytes
[17:52:23]  You are going to download file_C.txt from Node(s) ['1']
[17:52:23]  The file file_C.txt which you are about to download, has size of 38157 bytes
[17:52:23]  I sent a request for a chunk of file_B.txt for node1
[17:52:23]  I sent a request for a chunk of file_C.txt for node1
[17:52:23]  I sent a request for a chunk of file_B.txt for node1
[17:52:23]  I sent a request for a chunk of file_C.txt for node1
[17:52:23]  I sent a request for a chunk of file_C.txt for node1
[17:52:23]  I sent a request for a chunk of file_B.txt for node1
[17:52:23]  I sent a request for a chunk of file_B.txt for node1
[17:52:23]  I sent a request for a chunk of file_B.txt for node1
[17:52:23]  I sent a request for a chunk of file_B.txt for node1
[17:52:23]  I sent a request for a chunk of file_B.txt for node1
[17:52:23]  I sent a request for a chunk of file_B.txt for node1
[17:52:23]  I sent a request for a chunk of file_B.txt for node1
[17:52:23]  I sent a request for a chunk of file_B.txt for node1
[17:52:23]  I sent a request for a chunk of file_B.txt for node1
[17:52:23]  I sent a request for a chunk of file_B.txt for node1
[17:52:23]  I sent a request for a chunk of file_B.txt for node1
[17:55:37]  You just started to download file_B.txt. Let's search it in torrent!
[17:55:37]  You just started to download file_C.txt. Let's search it in torrent!
[17:55:37]  You are going to download file_C.txt from Node(s) ['1']
[17:55:37]  You are going to download file_B.txt from Node(s) ['1']
[17:55:37]  The file file_C.txt which you are about to download, has size of 38157 bytes
[17:55:37]  The file file_B.txt which you are about to download, has size of 197367 bytes
[17:55:37]  I sent a request for a chunk of file_C.txt for node1
[17:55:37]  I sent a request for a chunk of file_B.txt for node1
[17:55:37]  I sent a request for a chunk of file_C.txt for node1
[17:55:37]  I sent a request for a chunk of file_B.txt for node1
[17:55:37]  I sent a request for a chunk of file_C.txt for node1
[17:55:37]  file_C.txt has successfully downloaded and saved in my files directory.
[17:55:37]  I sent a request for a chunk of file_B.txt for node1
[17:55:37]  I sent a request for a chunk of file_B.txt for node1
[17:55:37]  I sent a request for a chunk of file_B.txt for node1
[17:55:37]  I sent a request for a chunk of file_B.txt for node1
[17:55:37]  I sent a request for a chunk of file_B.txt for node1
[17:55:37]  I sent a request for a chunk of file_B.txt for node1
[17:55:37]  I sent a request for a chunk of file_B.txt for node1
[17:55:37]  I sent a request for a chunk of file_B.txt for node1
[17:55:37]  I sent a request for a chunk of file_B.txt for node1
[17:55:37]  I sent a request for a chunk of file_B.txt for node1
[17:55:37]  I sent a request for a chunk of file_B.txt for node1
[17:55:37]  file_B.txt has successfully downloaded and saved in my files directory.
[17:58:56]  Tracker response: {'message': 'Torrent added successfully', 'filenames': ['497890127b54d0647b0965c834e18392f4edc26e']}
[17:58:56]  You are free now! You are waiting for other nodes' requests!
[19:00:46]  You just started to download Fundamentals-of-database-systems-7th.pdf. Let's search it in torrent!
[19:00:46]  You are going to download Fundamentals-of-database-systems-7th.pdf from Node(s) ['1', '2']
[19:00:46]  The file Fundamentals-of-database-systems-7th.pdf which you are about to download, has size of 4503353 bytes
[19:00:46]  I sent a request for a chunk of Fundamentals-of-database-systems-7th.pdf for node1
[19:00:46]  I sent a request for a chunk of Fundamentals-of-database-systems-7th.pdf for node1
[19:00:46]  I sent a request for a chunk of Fundamentals-of-database-systems-7th.pdf for node2
[19:00:46]  I sent a request for a chunk of Fundamentals-of-database-systems-7th.pdf for node1
[19:00:46]  I sent a request for a chunk of Fundamentals-of-database-systems-7th.pdf for node1
[19:00:46]  I sent a request for a chunk of Fundamentals-of-database-systems-7th.pdf for node1
[19:00:46]  I sent a request for a chunk of Fundamentals-of-database-systems-7th.pdf for node1
[19:00:46]  I sent a request for a chunk of Fundamentals-of-database-systems-7th.pdf for node1
[19:00:46]  I sent a request for a chunk of Fundamentals-of-database-systems-7th.pdf for node1
[19:00:46]  I sent a request for a chunk of Fundamentals-of-database-systems-7th.pdf for node1
[19:00:46]  I sent a request for a chunk of Fundamentals-of-database-systems-7th.pdf for node1
[19:00:46]  I sent a request for a chunk of Fundamentals-of-database-systems-7th.pdf for node1
[19:00:46]  I sent a request for a chunk of Fundamentals-of-database-systems-7th.pdf for node1
[19:00:46]  I sent a request for a chunk of Fundamentals-of-database-systems-7th.pdf for node1
[19:00:46]  I sent a request for a chunk of Fundamentals-of-database-systems-7th.pdf for node1
[19:00:46]  I sent a request for a chunk of Fundamentals-of-database-systems-7th.pdf for node1
[19:00:46]  I sent a request for a chunk of Fundamentals-of-database-systems-7th.pdf for node1
[19:00:46]  I sent a request for a chunk of Fundamentals-of-database-systems-7th.pdf for node1
[19:00:46]  I sent a request for a chunk of Fundamentals-of-database-systems-7th.pdf for node1
[19:00:46]  I sent a request for a chunk of Fundamentals-of-database-systems-7th.pdf for node1
[19:00:46]  I sent a request for a chunk of Fundamentals-of-database-systems-7th.pdf for node1
[19:00:46]  I sent a request for a chunk of Fundamentals-of-database-systems-7th.pdf for node1
[19:00:46]  I sent a request for a chunk of Fundamentals-of-database-systems-7th.pdf for node1
[19:00:46]  I sent a request for a chunk of Fundamentals-of-database-systems-7th.pdf for node1
[19:00:46]  I sent a request for a chunk of Fundamentals-of-database-systems-7th.pdf for node1
[19:00:46]  I sent a request for a chunk of Fundamentals-of-database-systems-7th.pdf for node1
[19:00:46]  I sent a request for a chunk of Fundamentals-of-database-systems-7th.pdf for node1
[19:00:46]  I sent a request for a chunk of Fundamentals-of-database-systems-7th.pdf for node1
[19:00:46]  I sent a request for a chunk of Fundamentals-of-database-systems-7th.pdf for node1
[19:00:46]  I sent a request for a chunk of Fundamentals-of-database-systems-7th.pdf for node1
[19:00:46]  I sent a request for a chunk of Fundamentals-of-database-systems-7th.pdf for node1
[19:00:46]  I sent a request for a chunk of Fundamentals-of-database-systems-7th.pdf for node1
[19:00:46]  I sent a request for a chunk of Fundamentals-of-database-systems-7th.pdf for node1
[19:00:46]  I sent a request for a chunk of Fundamentals-of-database-systems-7th.pdf for node1
[19:00:46]  I sent a request for a chunk of Fundamentals-of-database-systems-7th.pdf for node2
[19:00:46]  I sent a request for a chunk of Fundamentals-of-database-systems-7th.pdf for node1
[19:00:46]  I sent a request for a chunk of Fundamentals-of-database-systems-7th.pdf for node1
[19:00:46]  I sent a request for a chunk of Fundamentals-of-database-systems-7th.pdf for node1
[19:00:46]  I sent a request for a chunk of Fundamentals-of-database-systems-7th.pdf for node1
[19:00:46]  I sent a request for a chunk of Fundamentals-of-database-systems-7th.pdf for node1
[19:00:46]  I sent a request for a chunk of Fundamentals-of-database-systems-7th.pdf for node1
[19:00:46]  I sent a request for a chunk of Fundamentals-of-database-systems-7th.pdf for node1
[19:00:46]  I sent a request for a chunk of Fundamentals-of-database-systems-7th.pdf for node1
[19:00:46]  I sent a request for a chunk of Fundamentals-of-database-systems-7th.pdf for node1
[19:00:46]  I sent a request for a chunk of Fundamentals-of-database-systems-7th.pdf for node1
[19:00:46]  I sent a request for a chunk of Fundamentals-of-database-systems-7th.pdf for node1
[19:00:46]  I sent a request for a chunk of Fundamentals-of-database-systems-7th.pdf for node1
[19:00:46]  I sent a request for a chunk of Fundamentals-of-database-systems-7th.pdf for node1
[19:00:46]  I sent a request for a chunk of Fundamentals-of-database-systems-7th.pdf for node1
[19:00:46]  I sent a request for a chunk of Fundamentals-of-database-systems-7th.pdf for node1
[19:00:46]  I sent a request for a chunk of Fundamentals-of-database-systems-7th.pdf for node1
[19:00:46]  I sent a request for a chunk of Fundamentals-of-database-systems-7th.pdf for node1
[19:00:46]  I sent a request for a chunk of Fundamentals-of-database-systems-7th.pdf for node1
[19:00:46]  I sent a request for a chunk of Fundamentals-of-database-systems-7th.pdf for node1
[19:00:46]  I sent a request for a chunk of Fundamentals-of-database-systems-7th.pdf for node1
[19:00:46]  I sent a request for a chunk of Fundamentals-of-database-systems-7th.pdf for node1
[19:00:46]  I sent a request for a chunk of Fundamentals-of-database-systems-7th.pdf for node1
[19:00:46]  I sent a request for a chunk of Fundamentals-of-database-systems-7th.pdf for node1
[19:00:46]  I sent a request for a chunk of Fundamentals-of-database-systems-7th.pdf for node1
[19:00:46]  I sent a request for a chunk of Fundamentals-of-database-systems-7th.pdf for node1
[19:00:46]  I sent a request for a chunk of Fundamentals-of-database-systems-7th.pdf for node1
[19:00:47]  I sent a request for a chunk of Fundamentals-of-database-systems-7th.pdf for node1
[19:00:47]  I sent a request for a chunk of Fundamentals-of-database-systems-7th.pdf for node1
[19:00:47]  I sent a request for a chunk of Fundamentals-of-database-systems-7th.pdf for node1
[19:00:47]  I sent a request for a chunk of Fundamentals-of-database-systems-7th.pdf for node1
[19:00:47]  I sent a request for a chunk of Fundamentals-of-database-systems-7th.pdf for node1
[19:02:13]  You don't have fundamental.torrent
[19:02:19]  You just started to download Fundamentals-of-database-systems-7th.pdf. Let's search it in torrent!
[19:02:19]  You are going to download Fundamentals-of-database-systems-7th.pdf from Node(s) ['1', '2']
[19:02:19]  The file Fundamentals-of-database-systems-7th.pdf which you are about to download, has size of 4503353 bytes
[19:05:16]  You just started to download Fundamentals-of-database-systems-7th.pdf. Let's search it in torrent!
[19:05:16]  You are going to download Fundamentals-of-database-systems-7th.pdf from Node(s) ['1', '2']
[19:05:16]  The file Fundamentals-of-database-systems-7th.pdf which you are about to download, has size of 4503353 bytes
[19:05:16]  I sent a request for a chunk of Fundamentals-of-database-systems-7th.pdf for node1
[19:05:16]  I sent a request for a chunk of Fundamentals-of-database-systems-7th.pdf for node2
[19:05:16]  I sent a request for a chunk of Fundamentals-of-database-systems-7th.pdf for node1
[19:05:16]  I sent a request for a chunk of Fundamentals-of-database-systems-7th.pdf for node2
[19:05:16]  I sent a request for a chunk of Fundamentals-of-database-systems-7th.pdf for node1
[19:05:16]  I sent a request for a chunk of Fundamentals-of-database-systems-7th.pdf for node2
[19:05:16]  I sent a request for a chunk of Fundamentals-of-database-systems-7th.pdf for node1
[19:05:16]  I sent a request for a chunk of Fundamentals-of-database-systems-7th.pdf for node1
[19:05:16]  I sent a request for a chunk of Fundamentals-of-database-systems-7th.pdf for node2
[19:05:16]  I sent a request for a chunk of Fundamentals-of-database-systems-7th.pdf for node2
[19:05:16]  I sent a request for a chunk of Fundamentals-of-database-systems-7th.pdf for node1
[19:05:16]  I sent a request for a chunk of Fundamentals-of-database-systems-7th.pdf for node2
[19:05:16]  I sent a request for a chunk of Fundamentals-of-database-systems-7th.pdf for node2
[19:05:16]  I sent a request for a chunk of Fundamentals-of-database-systems-7th.pdf for node1
[19:05:16]  I sent a request for a chunk of Fundamentals-of-database-systems-7th.pdf for node2
[19:05:16]  I sent a request for a chunk of Fundamentals-of-database-systems-7th.pdf for node1
[19:05:16]  I sent a request for a chunk of Fundamentals-of-database-systems-7th.pdf for node2
[19:05:16]  I sent a request for a chunk of Fundamentals-of-database-systems-7th.pdf for node1
[19:05:16]  I sent a request for a chunk of Fundamentals-of-database-systems-7th.pdf for node2
[19:05:16]  I sent a request for a chunk of Fundamentals-of-database-systems-7th.pdf for node1
[19:05:16]  I sent a request for a chunk of Fundamentals-of-database-systems-7th.pdf for node2
[19:05:16]  I sent a request for a chunk of Fundamentals-of-database-systems-7th.pdf for node2
[19:05:16]  I sent a request for a chunk of Fundamentals-of-database-systems-7th.pdf for node1
[19:05:16]  I sent a request for a chunk of Fundamentals-of-database-systems-7th.pdf for node1
[19:05:16]  I sent a request for a chunk of Fundamentals-of-database-systems-7th.pdf for node2
[19:05:16]  I sent a request for a chunk of Fundamentals-of-database-systems-7th.pdf for node1
[19:05:16]  I sent a request for a chunk of Fundamentals-of-database-systems-7th.pdf for node2
[19:05:16]  I sent a request for a chunk of Fundamentals-of-database-systems-7th.pdf for node1
[19:05:16]  I sent a request for a chunk of Fundamentals-of-database-systems-7th.pdf for node2
[19:05:16]  I sent a request for a chunk of Fundamentals-of-database-systems-7th.pdf for node2
[19:05:16]  I sent a request for a chunk of Fundamentals-of-database-systems-7th.pdf for node2
[19:05:16]  I sent a request for a chunk of Fundamentals-of-database-systems-7th.pdf for node1
[19:05:16]  I sent a request for a chunk of Fundamentals-of-database-systems-7th.pdf for node1
[19:05:16]  I sent a request for a chunk of Fundamentals-of-database-systems-7th.pdf for node1
[19:05:16]  I sent a request for a chunk of Fundamentals-of-database-systems-7th.pdf for node1
[19:05:16]  I sent a request for a chunk of Fundamentals-of-database-systems-7th.pdf for node1
[19:05:17]  I sent a request for a chunk of Fundamentals-of-database-systems-7th.pdf for node2
[19:05:17]  I sent a request for a chunk of Fundamentals-of-database-systems-7th.pdf for node2
[19:05:17]  I sent a request for a chunk of Fundamentals-of-database-systems-7th.pdf for node2
[19:05:17]  I sent a request for a chunk of Fundamentals-of-database-systems-7th.pdf for node2
[19:05:17]  I sent a request for a chunk of Fundamentals-of-database-systems-7th.pdf for node2
[19:05:17]  I sent a request for a chunk of Fundamentals-of-database-systems-7th.pdf for node2
[19:05:17]  I sent a request for a chunk of Fundamentals-of-database-systems-7th.pdf for node2
[19:05:17]  I sent a request for a chunk of Fundamentals-of-database-systems-7th.pdf for node2
[19:05:17]  I sent a request for a chunk of Fundamentals-of-database-systems-7th.pdf for node2
[19:05:17]  I sent a request for a chunk of Fundamentals-of-database-systems-7th.pdf for node2
[19:05:17]  I sent a request for a chunk of Fundamentals-of-database-systems-7th.pdf for node2
[19:05:17]  I sent a request for a chunk of Fundamentals-of-database-systems-7th.pdf for node2
[19:05:17]  I sent a request for a chunk of Fundamentals-of-database-systems-7th.pdf for node2
[19:05:17]  I sent a request for a chunk of Fundamentals-of-database-systems-7th.pdf for node2
[19:05:17]  I sent a request for a chunk of Fundamentals-of-database-systems-7th.pdf for node2
[19:05:17]  I sent a request for a chunk of Fundamentals-of-database-systems-7th.pdf for node1
[19:05:17]  I sent a request for a chunk of Fundamentals-of-database-systems-7th.pdf for node2
[19:05:17]  I sent a request for a chunk of Fundamentals-of-database-systems-7th.pdf for node1
[19:05:17]  I sent a request for a chunk of Fundamentals-of-database-systems-7th.pdf for node2
[19:05:17]  I sent a request for a chunk of Fundamentals-of-database-systems-7th.pdf for node1
[19:05:17]  I sent a request for a chunk of Fundamentals-of-database-systems-7th.pdf for node2
[19:05:17]  I sent a request for a chunk of Fundamentals-of-database-systems-7th.pdf for node1
[19:05:17]  I sent a request for a chunk of Fundamentals-of-database-systems-7th.pdf for node2
[19:05:17]  I sent a request for a chunk of Fundamentals-of-database-systems-7th.pdf for node1
[19:05:17]  I sent a request for a chunk of Fundamentals-of-database-systems-7th.pdf for node1
[19:05:17]  I sent a request for a chunk of Fundamentals-of-database-systems-7th.pdf for node2
[19:05:17]  I sent a request for a chunk of Fundamentals-of-database-systems-7th.pdf for node1
[19:05:17]  I sent a request for a chunk of Fundamentals-of-database-systems-7th.pdf for node2
[19:05:17]  I sent a request for a chunk of Fundamentals-of-database-systems-7th.pdf for node1
[19:05:17]  I sent a request for a chunk of Fundamentals-of-database-systems-7th.pdf for node2
[19:05:17]  I sent a request for a chunk of Fundamentals-of-database-systems-7th.pdf for node1
[19:05:17]  I sent a request for a chunk of Fundamentals-of-database-systems-7th.pdf for node2
[19:05:17]  I sent a request for a chunk of Fundamentals-of-database-systems-7th.pdf for node1
[19:05:17]  I sent a request for a chunk of Fundamentals-of-database-systems-7th.pdf for node2
[19:05:17]  I sent a request for a chunk of Fundamentals-of-database-systems-7th.pdf for node1
[19:05:17]  I sent a request for a chunk of Fundamentals-of-database-systems-7th.pdf for node2
[19:05:17]  I sent a request for a chunk of Fundamentals-of-database-systems-7th.pdf for node1
[19:05:17]  I sent a request for a chunk of Fundamentals-of-database-systems-7th.pdf for node2
[19:05:17]  I sent a request for a chunk of Fundamentals-of-database-systems-7th.pdf for node1
[19:05:17]  I sent a request for a chunk of Fundamentals-of-database-systems-7th.pdf for node2
[19:05:17]  I sent a request for a chunk of Fundamentals-of-database-systems-7th.pdf for node1
[19:05:17]  I sent a request for a chunk of Fundamentals-of-database-systems-7th.pdf for node2
[19:05:17]  I sent a request for a chunk of Fundamentals-of-database-systems-7th.pdf for node1
[19:05:17]  I sent a request for a chunk of Fundamentals-of-database-systems-7th.pdf for node2
[19:05:17]  I sent a request for a chunk of Fundamentals-of-database-systems-7th.pdf for node1
[19:05:17]  I sent a request for a chunk of Fundamentals-of-database-systems-7th.pdf for node2
[19:05:17]  I sent a request for a chunk of Fundamentals-of-database-systems-7th.pdf for node1
[19:05:17]  I sent a request for a chunk of Fundamentals-of-database-systems-7th.pdf for node2
[19:05:17]  I sent a request for a chunk of Fundamentals-of-database-systems-7th.pdf for node2
[19:05:17]  I sent a request for a chunk of Fundamentals-of-database-systems-7th.pdf for node1
[19:05:17]  I sent a request for a chunk of Fundamentals-of-database-systems-7th.pdf for node1
[19:05:17]  I sent a request for a chunk of Fundamentals-of-database-systems-7th.pdf for node2
[19:05:17]  I sent a request for a chunk of Fundamentals-of-database-systems-7th.pdf for node1
[19:05:17]  I sent a request for a chunk of Fundamentals-of-database-systems-7th.pdf for node2
[19:05:17]  I sent a request for a chunk of Fundamentals-of-database-systems-7th.pdf for node1
[19:05:17]  I sent a request for a chunk of Fundamentals-of-database-systems-7th.pdf for node2
[19:05:17]  I sent a request for a chunk of Fundamentals-of-database-systems-7th.pdf for node1
[19:05:17]  I sent a request for a chunk of Fundamentals-of-database-systems-7th.pdf for node2
[19:05:17]  I sent a request for a chunk of Fundamentals-of-database-systems-7th.pdf for node1
[19:05:17]  I sent a request for a chunk of Fundamentals-of-database-systems-7th.pdf for node2
[19:05:17]  I sent a request for a chunk of Fundamentals-of-database-systems-7th.pdf for node1
[19:05:17]  I sent a request for a chunk of Fundamentals-of-database-systems-7th.pdf for node2
[19:05:17]  I sent a request for a chunk of Fundamentals-of-database-systems-7th.pdf for node1
[19:05:17]  I sent a request for a chunk of Fundamentals-of-database-systems-7th.pdf for node2
[19:05:17]  I sent a request for a chunk of Fundamentals-of-database-systems-7th.pdf for node1
[19:05:17]  I sent a request for a chunk of Fundamentals-of-database-systems-7th.pdf for node2
[19:05:17]  I sent a request for a chunk of Fundamentals-of-database-systems-7th.pdf for node1
[19:05:17]  I sent a request for a chunk of Fundamentals-of-database-systems-7th.pdf for node2
[19:05:17]  I sent a request for a chunk of Fundamentals-of-database-systems-7th.pdf for node1
[19:05:17]  I sent a request for a chunk of Fundamentals-of-database-systems-7th.pdf for node2
[19:05:17]  I sent a request for a chunk of Fundamentals-of-database-systems-7th.pdf for node1
[19:05:17]  I sent a request for a chunk of Fundamentals-of-database-systems-7th.pdf for node2
[19:05:17]  I sent a request for a chunk of Fundamentals-of-database-systems-7th.pdf for node1
[19:05:17]  I sent a request for a chunk of Fundamentals-of-database-systems-7th.pdf for node2
[19:05:17]  I sent a request for a chunk of Fundamentals-of-database-systems-7th.pdf for node1
[19:05:17]  I sent a request for a chunk of Fundamentals-of-database-systems-7th.pdf for node2
[19:05:17]  I sent a request for a chunk of Fundamentals-of-database-systems-7th.pdf for node1
[19:05:17]  I sent a request for a chunk of Fundamentals-of-database-systems-7th.pdf for node2
[19:05:18]  I sent a request for a chunk of Fundamentals-of-database-systems-7th.pdf for node2
[19:05:18]  I sent a request for a chunk of Fundamentals-of-database-systems-7th.pdf for node1
[19:05:18]  I sent a request for a chunk of Fundamentals-of-database-systems-7th.pdf for node2
[19:05:18]  I sent a request for a chunk of Fundamentals-of-database-systems-7th.pdf for node1
[19:05:18]  I sent a request for a chunk of Fundamentals-of-database-systems-7th.pdf for node2
[19:05:18]  I sent a request for a chunk of Fundamentals-of-database-systems-7th.pdf for node1
[19:05:18]  I sent a request for a chunk of Fundamentals-of-database-systems-7th.pdf for node2
[19:05:18]  I sent a request for a chunk of Fundamentals-of-database-systems-7th.pdf for node1
[19:05:18]  I sent a request for a chunk of Fundamentals-of-database-systems-7th.pdf for node2
[19:05:18]  I sent a request for a chunk of Fundamentals-of-database-systems-7th.pdf for node1
[19:05:18]  I sent a request for a chunk of Fundamentals-of-database-systems-7th.pdf for node2
[19:05:18]  I sent a request for a chunk of Fundamentals-of-database-systems-7th.pdf for node1
[19:05:18]  I sent a request for a chunk of Fundamentals-of-database-systems-7th.pdf for node2
[19:05:18]  I sent a request for a chunk of Fundamentals-of-database-systems-7th.pdf for node1
[19:05:18]  I sent a request for a chunk of Fundamentals-of-database-systems-7th.pdf for node2
[19:05:18]  I sent a request for a chunk of Fundamentals-of-database-systems-7th.pdf for node1
[19:05:18]  I sent a request for a chunk of Fundamentals-of-database-systems-7th.pdf for node2
[19:05:18]  I sent a request for a chunk of Fundamentals-of-database-systems-7th.pdf for node1
[19:05:18]  I sent a request for a chunk of Fundamentals-of-database-systems-7th.pdf for node2
[19:05:18]  I sent a request for a chunk of Fundamentals-of-database-systems-7th.pdf for node1
[19:05:18]  I sent a request for a chunk of Fundamentals-of-database-systems-7th.pdf for node2
[19:05:18]  I sent a request for a chunk of Fundamentals-of-database-systems-7th.pdf for node1
[19:05:18]  I sent a request for a chunk of Fundamentals-of-database-systems-7th.pdf for node2
[19:05:18]  I sent a request for a chunk of Fundamentals-of-database-systems-7th.pdf for node1
[19:05:18]  I sent a request for a chunk of Fundamentals-of-database-systems-7th.pdf for node2
[19:05:18]  I sent a request for a chunk of Fundamentals-of-database-systems-7th.pdf for node2
[19:05:18]  I sent a request for a chunk of Fundamentals-of-database-systems-7th.pdf for node1
[19:05:18]  I sent a request for a chunk of Fundamentals-of-database-systems-7th.pdf for node1
[19:05:18]  I sent a request for a chunk of Fundamentals-of-database-systems-7th.pdf for node2
[19:05:18]  I sent a request for a chunk of Fundamentals-of-database-systems-7th.pdf for node2
[19:05:18]  I sent a request for a chunk of Fundamentals-of-database-systems-7th.pdf for node2
[19:05:18]  I sent a request for a chunk of Fundamentals-of-database-systems-7th.pdf for node1
[19:05:18]  I sent a request for a chunk of Fundamentals-of-database-systems-7th.pdf for node2
[19:05:18]  I sent a request for a chunk of Fundamentals-of-database-systems-7th.pdf for node1
[19:05:18]  I sent a request for a chunk of Fundamentals-of-database-systems-7th.pdf for node2
[19:05:18]  I sent a request for a chunk of Fundamentals-of-database-systems-7th.pdf for node1
[19:05:18]  I sent a request for a chunk of Fundamentals-of-database-systems-7th.pdf for node2
[19:05:18]  I sent a request for a chunk of Fundamentals-of-database-systems-7th.pdf for node1
[19:05:18]  I sent a request for a chunk of Fundamentals-of-database-systems-7th.pdf for node2
[19:05:18]  I sent a request for a chunk of Fundamentals-of-database-systems-7th.pdf for node1
[19:05:18]  I sent a request for a chunk of Fundamentals-of-database-systems-7th.pdf for node2
[19:05:18]  I sent a request for a chunk of Fundamentals-of-database-systems-7th.pdf for node2
[19:05:18]  I sent a request for a chunk of Fundamentals-of-database-systems-7th.pdf for node1
[19:05:18]  I sent a request for a chunk of Fundamentals-of-database-systems-7th.pdf for node2
[19:05:18]  I sent a request for a chunk of Fundamentals-of-database-systems-7th.pdf for node1
[19:05:18]  I sent a request for a chunk of Fundamentals-of-database-systems-7th.pdf for node2
[19:05:18]  I sent a request for a chunk of Fundamentals-of-database-systems-7th.pdf for node1
[19:05:18]  I sent a request for a chunk of Fundamentals-of-database-systems-7th.pdf for node2
[19:05:18]  I sent a request for a chunk of Fundamentals-of-database-systems-7th.pdf for node1
[19:05:18]  I sent a request for a chunk of Fundamentals-of-database-systems-7th.pdf for node2
[19:05:18]  I sent a request for a chunk of Fundamentals-of-database-systems-7th.pdf for node1
[19:05:18]  I sent a request for a chunk of Fundamentals-of-database-systems-7th.pdf for node2
[19:05:18]  I sent a request for a chunk of Fundamentals-of-database-systems-7th.pdf for node1
[19:05:18]  I sent a request for a chunk of Fundamentals-of-database-systems-7th.pdf for node2
[19:05:18]  I sent a request for a chunk of Fundamentals-of-database-systems-7th.pdf for node1
[19:05:18]  I sent a request for a chunk of Fundamentals-of-database-systems-7th.pdf for node2
[19:05:18]  I sent a request for a chunk of Fundamentals-of-database-systems-7th.pdf for node2
[19:05:18]  I sent a request for a chunk of Fundamentals-of-database-systems-7th.pdf for node1
[19:05:18]  I sent a request for a chunk of Fundamentals-of-database-systems-7th.pdf for node1
[19:05:18]  I sent a request for a chunk of Fundamentals-of-database-systems-7th.pdf for node2
[19:05:18]  I sent a request for a chunk of Fundamentals-of-database-systems-7th.pdf for node1
[19:05:18]  I sent a request for a chunk of Fundamentals-of-database-systems-7th.pdf for node2
[19:05:18]  I sent a request for a chunk of Fundamentals-of-database-systems-7th.pdf for node1
[19:05:18]  I sent a request for a chunk of Fundamentals-of-database-systems-7th.pdf for node1
[19:05:18]  I sent a request for a chunk of Fundamentals-of-database-systems-7th.pdf for node1
[19:05:18]  I sent a request for a chunk of Fundamentals-of-database-systems-7th.pdf for node1
[19:05:18]  I sent a request for a chunk of Fundamentals-of-database-systems-7th.pdf for node2
[19:05:18]  I sent a request for a chunk of Fundamentals-of-database-systems-7th.pdf for node1
[19:05:18]  I sent a request for a chunk of Fundamentals-of-database-systems-7th.pdf for node2
[19:05:18]  I sent a request for a chunk of Fundamentals-of-database-systems-7th.pdf for node1
[19:05:18]  I sent a request for a chunk of Fundamentals-of-database-systems-7th.pdf for node2
[19:05:18]  I sent a request for a chunk of Fundamentals-of-database-systems-7th.pdf for node1
[19:05:18]  I sent a request for a chunk of Fundamentals-of-database-systems-7th.pdf for node2
[19:05:18]  I sent a request for a chunk of Fundamentals-of-database-systems-7th.pdf for node1
[19:05:18]  I sent a request for a chunk of Fundamentals-of-database-systems-7th.pdf for node2
[19:05:18]  I sent a request for a chunk of Fundamentals-of-database-systems-7th.pdf for node1
[19:05:18]  I sent a request for a chunk of Fundamentals-of-database-systems-7th.pdf for node2
[19:05:18]  I sent a request for a chunk of Fundamentals-of-database-systems-7th.pdf for node1
[19:05:18]  I sent a request for a chunk of Fundamentals-of-database-systems-7th.pdf for node1
[19:05:18]  I sent a request for a chunk of Fundamentals-of-database-systems-7th.pdf for node2
[19:05:18]  I sent a request for a chunk of Fundamentals-of-database-systems-7th.pdf for node1
[19:05:18]  I sent a request for a chunk of Fundamentals-of-database-systems-7th.pdf for node2
[19:05:18]  I sent a request for a chunk of Fundamentals-of-database-systems-7th.pdf for node1
[19:05:18]  I sent a request for a chunk of Fundamentals-of-database-systems-7th.pdf for node2
[19:05:18]  I sent a request for a chunk of Fundamentals-of-database-systems-7th.pdf for node1
[19:05:18]  I sent a request for a chunk of Fundamentals-of-database-systems-7th.pdf for node2
[19:05:18]  I sent a request for a chunk of Fundamentals-of-database-systems-7th.pdf for node1
[19:05:18]  I sent a request for a chunk of Fundamentals-of-database-systems-7th.pdf for node2
[19:05:18]  I sent a request for a chunk of Fundamentals-of-database-systems-7th.pdf for node1
[19:05:18]  I sent a request for a chunk of Fundamentals-of-database-systems-7th.pdf for node2
[19:05:18]  I sent a request for a chunk of Fundamentals-of-database-systems-7th.pdf for node1
[19:05:18]  I sent a request for a chunk of Fundamentals-of-database-systems-7th.pdf for node2
[19:05:19]  I sent a request for a chunk of Fundamentals-of-database-systems-7th.pdf for node1
[19:05:19]  I sent a request for a chunk of Fundamentals-of-database-systems-7th.pdf for node2
[19:05:19]  I sent a request for a chunk of Fundamentals-of-database-systems-7th.pdf for node1
[19:05:19]  I sent a request for a chunk of Fundamentals-of-database-systems-7th.pdf for node2
[19:05:19]  I sent a request for a chunk of Fundamentals-of-database-systems-7th.pdf for node1
[19:05:19]  I sent a request for a chunk of Fundamentals-of-database-systems-7th.pdf for node2
[19:05:19]  I sent a request for a chunk of Fundamentals-of-database-systems-7th.pdf for node1
[19:05:19]  I sent a request for a chunk of Fundamentals-of-database-systems-7th.pdf for node1
[19:05:19]  I sent a request for a chunk of Fundamentals-of-database-systems-7th.pdf for node2
[19:05:19]  I sent a request for a chunk of Fundamentals-of-database-systems-7th.pdf for node1
[19:05:19]  I sent a request for a chunk of Fundamentals-of-database-systems-7th.pdf for node1
[19:05:19]  I sent a request for a chunk of Fundamentals-of-database-systems-7th.pdf for node2
[19:05:19]  I sent a request for a chunk of Fundamentals-of-database-systems-7th.pdf for node1
[19:05:19]  I sent a request for a chunk of Fundamentals-of-database-systems-7th.pdf for node1
[19:05:19]  I sent a request for a chunk of Fundamentals-of-database-systems-7th.pdf for node2
[19:05:19]  I sent a request for a chunk of Fundamentals-of-database-systems-7th.pdf for node1
[19:05:19]  I sent a request for a chunk of Fundamentals-of-database-systems-7th.pdf for node2
[19:05:19]  I sent a request for a chunk of Fundamentals-of-database-systems-7th.pdf for node1
[19:05:19]  I sent a request for a chunk of Fundamentals-of-database-systems-7th.pdf for node2
[19:05:19]  I sent a request for a chunk of Fundamentals-of-database-systems-7th.pdf for node1
[19:05:19]  I sent a request for a chunk of Fundamentals-of-database-systems-7th.pdf for node2
[19:05:19]  I sent a request for a chunk of Fundamentals-of-database-systems-7th.pdf for node1
[19:05:19]  I sent a request for a chunk of Fundamentals-of-database-systems-7th.pdf for node2
[19:05:19]  I sent a request for a chunk of Fundamentals-of-database-systems-7th.pdf for node2
[19:05:19]  I sent a request for a chunk of Fundamentals-of-database-systems-7th.pdf for node1
[19:05:19]  I sent a request for a chunk of Fundamentals-of-database-systems-7th.pdf for node1
[19:05:19]  I sent a request for a chunk of Fundamentals-of-database-systems-7th.pdf for node2
[19:05:19]  I sent a request for a chunk of Fundamentals-of-database-systems-7th.pdf for node1
[19:05:19]  I sent a request for a chunk of Fundamentals-of-database-systems-7th.pdf for node2
[19:05:19]  I sent a request for a chunk of Fundamentals-of-database-systems-7th.pdf for node1
[19:05:19]  I sent a request for a chunk of Fundamentals-of-database-systems-7th.pdf for node2
[19:05:19]  I sent a request for a chunk of Fundamentals-of-database-systems-7th.pdf for node1
[19:05:19]  I sent a request for a chunk of Fundamentals-of-database-systems-7th.pdf for node2
[19:05:19]  I sent a request for a chunk of Fundamentals-of-database-systems-7th.pdf for node2
[19:05:19]  I sent a request for a chunk of Fundamentals-of-database-systems-7th.pdf for node2
[19:05:19]  I sent a request for a chunk of Fundamentals-of-database-systems-7th.pdf for node2
[19:05:19]  I sent a request for a chunk of Fundamentals-of-database-systems-7th.pdf for node2
[19:05:19]  I sent a request for a chunk of Fundamentals-of-database-systems-7th.pdf for node1
[19:05:19]  I sent a request for a chunk of Fundamentals-of-database-systems-7th.pdf for node1
[19:05:19]  I sent a request for a chunk of Fundamentals-of-database-systems-7th.pdf for node1
[19:05:19]  I sent a request for a chunk of Fundamentals-of-database-systems-7th.pdf for node1
[19:05:19]  I sent a request for a chunk of Fundamentals-of-database-systems-7th.pdf for node1
[19:05:19]  I sent a request for a chunk of Fundamentals-of-database-systems-7th.pdf for node1
[19:05:19]  I sent a request for a chunk of Fundamentals-of-database-systems-7th.pdf for node1
[19:05:19]  I sent a request for a chunk of Fundamentals-of-database-systems-7th.pdf for node1
[19:05:19]  I sent a request for a chunk of Fundamentals-of-database-systems-7th.pdf for node1
[19:05:19]  I sent a request for a chunk of Fundamentals-of-database-systems-7th.pdf for node1
[19:05:19]  I sent a request for a chunk of Fundamentals-of-database-systems-7th.pdf for node1
[19:05:19]  I sent a request for a chunk of Fundamentals-of-database-systems-7th.pdf for node1
[19:05:19]  I sent a request for a chunk of Fundamentals-of-database-systems-7th.pdf for node1
[19:05:19]  I sent a request for a chunk of Fundamentals-of-database-systems-7th.pdf for node1
[19:05:19]  I sent a request for a chunk of Fundamentals-of-database-systems-7th.pdf for node1
[19:05:19]  I sent a request for a chunk of Fundamentals-of-database-systems-7th.pdf for node1
[19:05:19]  I sent a request for a chunk of Fundamentals-of-database-systems-7th.pdf for node1
[19:05:19]  I sent a request for a chunk of Fundamentals-of-database-systems-7th.pdf for node1
[19:05:19]  I sent a request for a chunk of Fundamentals-of-database-systems-7th.pdf for node1
[19:05:19]  I sent a request for a chunk of Fundamentals-of-database-systems-7th.pdf for node1
[19:05:19]  I sent a request for a chunk of Fundamentals-of-database-systems-7th.pdf for node1
[19:05:19]  I sent a request for a chunk of Fundamentals-of-database-systems-7th.pdf for node1
[19:05:19]  I sent a request for a chunk of Fundamentals-of-database-systems-7th.pdf for node1
[19:05:19]  I sent a request for a chunk of Fundamentals-of-database-systems-7th.pdf for node1
[19:05:19]  I sent a request for a chunk of Fundamentals-of-database-systems-7th.pdf for node1
[19:05:19]  I sent a request for a chunk of Fundamentals-of-database-systems-7th.pdf for node1
[19:05:19]  I sent a request for a chunk of Fundamentals-of-database-systems-7th.pdf for node1
[19:05:19]  I sent a request for a chunk of Fundamentals-of-database-systems-7th.pdf for node1
[19:05:19]  I sent a request for a chunk of Fundamentals-of-database-systems-7th.pdf for node1
[19:05:19]  I sent a request for a chunk of Fundamentals-of-database-systems-7th.pdf for node1
[19:05:19]  I sent a request for a chunk of Fundamentals-of-database-systems-7th.pdf for node1
[19:05:19]  I sent a request for a chunk of Fundamentals-of-database-systems-7th.pdf for node1
[19:05:19]  Fundamentals-of-database-systems-7th.pdf has successfully downloaded and saved in my files directory.
[19:08:51]  Tracker response: {'message': 'Torrent added successfully', 'filenames': ['1e23591b250f27a375680b57a3a6b74d581a424a']}
[19:08:51]  You are free now! You are waiting for other nodes' requests!
