01:55:10 Running job "check_inactive_peers (trigger: interval[0:00:15], next run at: 2024-11-13 01:55:25 UTC)" (scheduled at 2024-11-13 01:55:10.165460+00:00)
01:55:10 Marked 0 peers as inactive.
01:55:10 currently have 0 peers inactive.
01:55:10 Job "check_inactive_peers (trigger: interval[0:00:15], next run at: 2024-11-13 01:55:25 UTC)" executed successfully
01:55:10 Running job "check_inactive_peers (trigger: interval[0:00:15], next run at: 2024-11-13 01:55:25 UTC)" (scheduled at 2024-11-13 01:55:10.367276+00:00)
01:55:10 Marked 0 peers as inactive.
01:55:10 currently have 0 peers inactive.
01:55:10 Job "check_inactive_peers (trigger: interval[0:00:15], next run at: 2024-11-13 01:55:25 UTC)" executed successfully
01:55:25 Running job "check_inactive_peers (trigger: interval[0:00:15], next run at: 2024-11-13 01:55:40 UTC)" (scheduled at 2024-11-13 01:55:25.165460+00:00)
01:55:25 Marked 0 peers as inactive.
01:55:25 currently have 0 peers inactive.
01:55:25 Job "check_inactive_peers (trigger: interval[0:00:15], next run at: 2024-11-13 01:55:40 UTC)" executed successfully
01:55:25 Running job "check_inactive_peers (trigger: interval[0:00:15], next run at: 2024-11-13 01:55:40 UTC)" (scheduled at 2024-11-13 01:55:25.367276+00:00)
01:55:25 Marked 0 peers as inactive.
01:55:25 currently have 0 peers inactive.
01:55:25 Job "check_inactive_peers (trigger: interval[0:00:15], next run at: 2024-11-13 01:55:40 UTC)" executed successfully
01:55:40 Running job "check_inactive_peers (trigger: interval[0:00:15], next run at: 2024-11-13 01:55:55 UTC)" (scheduled at 2024-11-13 01:55:40.165460+00:00)
01:55:40 Marked 0 peers as inactive.
01:55:40 currently have 0 peers inactive.
01:55:40 Job "check_inactive_peers (trigger: interval[0:00:15], next run at: 2024-11-13 01:55:55 UTC)" executed successfully
01:55:40 Running job "check_inactive_peers (trigger: interval[0:00:15], next run at: 2024-11-13 01:55:55 UTC)" (scheduled at 2024-11-13 01:55:40.367276+00:00)
01:55:40 Marked 0 peers as inactive.
01:55:40 currently have 0 peers inactive.
01:55:40 Job "check_inactive_peers (trigger: interval[0:00:15], next run at: 2024-11-13 01:55:55 UTC)" executed successfully
01:55:55 Running job "check_inactive_peers (trigger: interval[0:00:15], next run at: 2024-11-13 01:56:10 UTC)" (scheduled at 2024-11-13 01:55:55.165460+00:00)
01:55:55 Marked 0 peers as inactive.
01:55:55 currently have 0 peers inactive.
01:55:55 Job "check_inactive_peers (trigger: interval[0:00:15], next run at: 2024-11-13 01:56:10 UTC)" executed successfully
01:55:55 Running job "check_inactive_peers (trigger: interval[0:00:15], next run at: 2024-11-13 01:56:10 UTC)" (scheduled at 2024-11-13 01:55:55.367276+00:00)
01:55:55 Marked 0 peers as inactive.
01:55:55 currently have 0 peers inactive.
01:55:55 Job "check_inactive_peers (trigger: interval[0:00:15], next run at: 2024-11-13 01:56:10 UTC)" executed successfully
01:56:10 Running job "check_inactive_peers (trigger: interval[0:00:15], next run at: 2024-11-13 01:56:25 UTC)" (scheduled at 2024-11-13 01:56:10.165460+00:00)
01:56:10 Marked 0 peers as inactive.
01:56:10 currently have 0 peers inactive.
01:56:10 Job "check_inactive_peers (trigger: interval[0:00:15], next run at: 2024-11-13 01:56:25 UTC)" executed successfully
01:56:10 Running job "check_inactive_peers (trigger: interval[0:00:15], next run at: 2024-11-13 01:56:25 UTC)" (scheduled at 2024-11-13 01:56:10.367276+00:00)
01:56:10 Marked 0 peers as inactive.
01:56:10 currently have 0 peers inactive.
01:56:10 Job "check_inactive_peers (trigger: interval[0:00:15], next run at: 2024-11-13 01:56:25 UTC)" executed successfully
01:56:11 /home/quanghia/unidata/myProjects/uniProject/secondChanceNetwork/tracker/api/views.py changed, reloading.
01:56:12 Adding job tentatively -- it will be properly scheduled when the scheduler starts
01:56:12 Added job "check_inactive_peers" to job store "default"
01:56:12 Scheduler started
01:56:12 Watching for file changes with StatReloader
01:56:25 Running job "check_inactive_peers (trigger: interval[0:00:15], next run at: 2024-11-13 01:56:40 UTC)" (scheduled at 2024-11-13 01:56:25.165460+00:00)
01:56:25 Marked 0 peers as inactive.
01:56:25 currently have 0 peers inactive.
01:56:25 Job "check_inactive_peers (trigger: interval[0:00:15], next run at: 2024-11-13 01:56:40 UTC)" executed successfully
01:56:27 Running job "check_inactive_peers (trigger: interval[0:00:15], next run at: 2024-11-13 01:56:42 UTC)" (scheduled at 2024-11-13 01:56:27.084152+00:00)
01:56:27 Marked 0 peers as inactive.
01:56:27 currently have 0 peers inactive.
01:56:27 Job "check_inactive_peers (trigger: interval[0:00:15], next run at: 2024-11-13 01:56:42 UTC)" executed successfully
01:56:40 Running job "check_inactive_peers (trigger: interval[0:00:15], next run at: 2024-11-13 01:56:55 UTC)" (scheduled at 2024-11-13 01:56:40.165460+00:00)
01:56:40 Marked 0 peers as inactive.
01:56:40 currently have 0 peers inactive.
01:56:40 Job "check_inactive_peers (trigger: interval[0:00:15], next run at: 2024-11-13 01:56:55 UTC)" executed successfully
01:56:42 Running job "check_inactive_peers (trigger: interval[0:00:15], next run at: 2024-11-13 01:56:57 UTC)" (scheduled at 2024-11-13 01:56:42.084152+00:00)
01:56:42 Marked 0 peers as inactive.
01:56:42 currently have 0 peers inactive.
01:56:42 Job "check_inactive_peers (trigger: interval[0:00:15], next run at: 2024-11-13 01:56:57 UTC)" executed successfully
01:56:55 Running job "check_inactive_peers (trigger: interval[0:00:15], next run at: 2024-11-13 01:57:10 UTC)" (scheduled at 2024-11-13 01:56:55.165460+00:00)
01:56:55 Marked 0 peers as inactive.
01:56:55 currently have 0 peers inactive.
01:56:55 Job "check_inactive_peers (trigger: interval[0:00:15], next run at: 2024-11-13 01:57:10 UTC)" executed successfully
01:56:57 Running job "check_inactive_peers (trigger: interval[0:00:15], next run at: 2024-11-13 01:57:12 UTC)" (scheduled at 2024-11-13 01:56:57.084152+00:00)
01:56:57 Marked 0 peers as inactive.
01:56:57 currently have 0 peers inactive.
01:56:57 Job "check_inactive_peers (trigger: interval[0:00:15], next run at: 2024-11-13 01:57:12 UTC)" executed successfully
01:57:10 Running job "check_inactive_peers (trigger: interval[0:00:15], next run at: 2024-11-13 01:57:25 UTC)" (scheduled at 2024-11-13 01:57:10.165460+00:00)
01:57:10 Marked 0 peers as inactive.
01:57:10 currently have 0 peers inactive.
01:57:10 Job "check_inactive_peers (trigger: interval[0:00:15], next run at: 2024-11-13 01:57:25 UTC)" executed successfully
01:57:12 Running job "check_inactive_peers (trigger: interval[0:00:15], next run at: 2024-11-13 01:57:27 UTC)" (scheduled at 2024-11-13 01:57:12.084152+00:00)
01:57:12 Marked 0 peers as inactive.
01:57:12 currently have 0 peers inactive.
01:57:12 Job "check_inactive_peers (trigger: interval[0:00:15], next run at: 2024-11-13 01:57:27 UTC)" executed successfully
01:57:25 Running job "check_inactive_peers (trigger: interval[0:00:15], next run at: 2024-11-13 01:57:40 UTC)" (scheduled at 2024-11-13 01:57:25.165460+00:00)
01:57:25 Marked 0 peers as inactive.
01:57:25 currently have 0 peers inactive.
01:57:25 Job "check_inactive_peers (trigger: interval[0:00:15], next run at: 2024-11-13 01:57:40 UTC)" executed successfully
01:57:27 Running job "check_inactive_peers (trigger: interval[0:00:15], next run at: 2024-11-13 01:57:42 UTC)" (scheduled at 2024-11-13 01:57:27.084152+00:00)
01:57:27 Marked 0 peers as inactive.
01:57:27 currently have 0 peers inactive.
01:57:27 Job "check_inactive_peers (trigger: interval[0:00:15], next run at: 2024-11-13 01:57:42 UTC)" executed successfully
01:57:40 Running job "check_inactive_peers (trigger: interval[0:00:15], next run at: 2024-11-13 01:57:55 UTC)" (scheduled at 2024-11-13 01:57:40.165460+00:00)
01:57:40 Marked 0 peers as inactive.
01:57:40 currently have 0 peers inactive.
01:57:40 Job "check_inactive_peers (trigger: interval[0:00:15], next run at: 2024-11-13 01:57:55 UTC)" executed successfully
01:57:42 Running job "check_inactive_peers (trigger: interval[0:00:15], next run at: 2024-11-13 01:57:57 UTC)" (scheduled at 2024-11-13 01:57:42.084152+00:00)
01:57:42 Marked 0 peers as inactive.
01:57:42 currently have 0 peers inactive.
01:57:42 Job "check_inactive_peers (trigger: interval[0:00:15], next run at: 2024-11-13 01:57:57 UTC)" executed successfully
01:57:55 Running job "check_inactive_peers (trigger: interval[0:00:15], next run at: 2024-11-13 01:58:10 UTC)" (scheduled at 2024-11-13 01:57:55.165460+00:00)
01:57:55 Marked 0 peers as inactive.
01:57:55 currently have 0 peers inactive.
01:57:55 Job "check_inactive_peers (trigger: interval[0:00:15], next run at: 2024-11-13 01:58:10 UTC)" executed successfully
01:57:57 Running job "check_inactive_peers (trigger: interval[0:00:15], next run at: 2024-11-13 01:58:12 UTC)" (scheduled at 2024-11-13 01:57:57.084152+00:00)
01:57:57 Marked 0 peers as inactive.
01:57:57 currently have 0 peers inactive.
01:57:57 Job "check_inactive_peers (trigger: interval[0:00:15], next run at: 2024-11-13 01:58:12 UTC)" executed successfully
01:58:10 Running job "check_inactive_peers (trigger: interval[0:00:15], next run at: 2024-11-13 01:58:25 UTC)" (scheduled at 2024-11-13 01:58:10.165460+00:00)
01:58:10 Marked 0 peers as inactive.
01:58:10 currently have 0 peers inactive.
01:58:10 Job "check_inactive_peers (trigger: interval[0:00:15], next run at: 2024-11-13 01:58:25 UTC)" executed successfully
01:58:12 Running job "check_inactive_peers (trigger: interval[0:00:15], next run at: 2024-11-13 01:58:27 UTC)" (scheduled at 2024-11-13 01:58:12.084152+00:00)
01:58:12 Marked 0 peers as inactive.
01:58:12 currently have 0 peers inactive.
01:58:12 Job "check_inactive_peers (trigger: interval[0:00:15], next run at: 2024-11-13 01:58:27 UTC)" executed successfully
01:58:25 Running job "check_inactive_peers (trigger: interval[0:00:15], next run at: 2024-11-13 01:58:40 UTC)" (scheduled at 2024-11-13 01:58:25.165460+00:00)
01:58:25 Marked 0 peers as inactive.
01:58:25 currently have 0 peers inactive.
01:58:25 Job "check_inactive_peers (trigger: interval[0:00:15], next run at: 2024-11-13 01:58:40 UTC)" executed successfully
01:58:27 Running job "check_inactive_peers (trigger: interval[0:00:15], next run at: 2024-11-13 01:58:42 UTC)" (scheduled at 2024-11-13 01:58:27.084152+00:00)
01:58:27 Marked 0 peers as inactive.
01:58:27 currently have 0 peers inactive.
01:58:27 Job "check_inactive_peers (trigger: interval[0:00:15], next run at: 2024-11-13 01:58:42 UTC)" executed successfully
01:58:40 Running job "check_inactive_peers (trigger: interval[0:00:15], next run at: 2024-11-13 01:58:55 UTC)" (scheduled at 2024-11-13 01:58:40.165460+00:00)
01:58:40 Marked 0 peers as inactive.
01:58:40 currently have 0 peers inactive.
01:58:40 Job "check_inactive_peers (trigger: interval[0:00:15], next run at: 2024-11-13 01:58:55 UTC)" executed successfully
01:58:42 Running job "check_inactive_peers (trigger: interval[0:00:15], next run at: 2024-11-13 01:58:57 UTC)" (scheduled at 2024-11-13 01:58:42.084152+00:00)
01:58:42 Marked 0 peers as inactive.
01:58:42 currently have 0 peers inactive.
01:58:42 Job "check_inactive_peers (trigger: interval[0:00:15], next run at: 2024-11-13 01:58:57 UTC)" executed successfully
01:58:55 Running job "check_inactive_peers (trigger: interval[0:00:15], next run at: 2024-11-13 01:59:10 UTC)" (scheduled at 2024-11-13 01:58:55.165460+00:00)
01:58:55 Marked 0 peers as inactive.
01:58:55 currently have 0 peers inactive.
01:58:55 Job "check_inactive_peers (trigger: interval[0:00:15], next run at: 2024-11-13 01:59:10 UTC)" executed successfully
01:58:57 Running job "check_inactive_peers (trigger: interval[0:00:15], next run at: 2024-11-13 01:59:12 UTC)" (scheduled at 2024-11-13 01:58:57.084152+00:00)
01:58:57 Marked 0 peers as inactive.
01:58:57 currently have 0 peers inactive.
01:58:57 Job "check_inactive_peers (trigger: interval[0:00:15], next run at: 2024-11-13 01:59:12 UTC)" executed successfully
01:59:10 Running job "check_inactive_peers (trigger: interval[0:00:15], next run at: 2024-11-13 01:59:25 UTC)" (scheduled at 2024-11-13 01:59:10.165460+00:00)
01:59:10 Marked 0 peers as inactive.
01:59:10 currently have 0 peers inactive.
01:59:10 Job "check_inactive_peers (trigger: interval[0:00:15], next run at: 2024-11-13 01:59:25 UTC)" executed successfully
01:59:12 Running job "check_inactive_peers (trigger: interval[0:00:15], next run at: 2024-11-13 01:59:27 UTC)" (scheduled at 2024-11-13 01:59:12.084152+00:00)
01:59:12 Marked 0 peers as inactive.
01:59:12 currently have 0 peers inactive.
01:59:12 Job "check_inactive_peers (trigger: interval[0:00:15], next run at: 2024-11-13 01:59:27 UTC)" executed successfully
01:59:25 Running job "check_inactive_peers (trigger: interval[0:00:15], next run at: 2024-11-13 01:59:40 UTC)" (scheduled at 2024-11-13 01:59:25.165460+00:00)
01:59:25 Marked 0 peers as inactive.
01:59:25 currently have 0 peers inactive.
01:59:25 Job "check_inactive_peers (trigger: interval[0:00:15], next run at: 2024-11-13 01:59:40 UTC)" executed successfully
01:59:27 Running job "check_inactive_peers (trigger: interval[0:00:15], next run at: 2024-11-13 01:59:42 UTC)" (scheduled at 2024-11-13 01:59:27.084152+00:00)
01:59:27 Marked 0 peers as inactive.
01:59:27 currently have 0 peers inactive.
01:59:27 Job "check_inactive_peers (trigger: interval[0:00:15], next run at: 2024-11-13 01:59:42 UTC)" executed successfully
01:59:40 Running job "check_inactive_peers (trigger: interval[0:00:15], next run at: 2024-11-13 01:59:55 UTC)" (scheduled at 2024-11-13 01:59:40.165460+00:00)
01:59:40 Marked 0 peers as inactive.
01:59:40 currently have 0 peers inactive.
01:59:40 Job "check_inactive_peers (trigger: interval[0:00:15], next run at: 2024-11-13 01:59:55 UTC)" executed successfully
01:59:42 Running job "check_inactive_peers (trigger: interval[0:00:15], next run at: 2024-11-13 01:59:57 UTC)" (scheduled at 2024-11-13 01:59:42.084152+00:00)
01:59:42 Marked 0 peers as inactive.
01:59:42 currently have 0 peers inactive.
01:59:42 Job "check_inactive_peers (trigger: interval[0:00:15], next run at: 2024-11-13 01:59:57 UTC)" executed successfully
